app/build/intermediates/manifest_merge_blame_file/debug/manifest-merger-blame-debug-report.txt
1<?xml version="1.0" encoding="utf-8"?>
2<manifest xmlns:android="http://schemas.android.com/apk/res/android"
3    package="com.kaptan.x1xx"
4    android:versionCode="1"
5    android:versionName="1.0.0" >
6
7    <uses-sdk
8        android:minSdkVersion="26"
9        android:targetSdkVersion="34" />
10
11    <!-- Ag izinleri -->
12    <uses-permission android:name="android.permission.INTERNET" />
12-->src/main/AndroidManifest.xml:5:5-67
12-->src/main/AndroidManifest.xml:5:22-64
13    <uses-permission android:name="android.permission.ACCESS_NETWORK_STATE" />
13-->src/main/AndroidManifest.xml:6:5-79
13-->src/main/AndroidManifest.xml:6:22-76
14    <uses-permission android:name="android.permission.ACCESS_WIFI_STATE" />
14-->src/main/AndroidManifest.xml:7:5-76
14-->src/main/AndroidManifest.xml:7:22-73
15    <uses-permission android:name="android.permission.CHANGE_WIFI_MULTICAST_STATE" />
15-->src/main/AndroidManifest.xml:8:5-86
15-->src/main/AndroidManifest.xml:8:22-83
16
17    <!-- Bluetooth -->
18    <uses-permission android:name="android.permission.BLUETOOTH" />
18-->src/main/AndroidManifest.xml:11:5-68
18-->src/main/AndroidManifest.xml:11:22-65
19    <uses-permission android:name="android.permission.BLUETOOTH_ADMIN" />
19-->src/main/AndroidManifest.xml:12:5-74
19-->src/main/AndroidManifest.xml:12:22-71
20    <uses-permission android:name="android.permission.BLUETOOTH_CONNECT" />
20-->src/main/AndroidManifest.xml:13:5-76
20-->src/main/AndroidManifest.xml:13:22-73
21    <uses-permission android:name="android.permission.BLUETOOTH_SCAN" />
21-->src/main/AndroidManifest.xml:14:5-73
21-->src/main/AndroidManifest.xml:14:22-70
22
23    <!-- Foreground Service -->
24    <uses-permission android:name="android.permission.FOREGROUND_SERVICE" />
24-->src/main/AndroidManifest.xml:17:5-77
24-->src/main/AndroidManifest.xml:17:22-74
25    <uses-permission android:name="android.permission.FOREGROUND_SERVICE_DATA_SYNC" />
25-->src/main/AndroidManifest.xml:18:5-87
25-->src/main/AndroidManifest.xml:18:22-84
26
27    <!-- Boot -->
28    <uses-permission android:name="android.permission.RECEIVE_BOOT_COMPLETED" />
28-->src/main/AndroidManifest.xml:21:5-81
28-->src/main/AndroidManifest.xml:21:22-78
29
30    <!-- Bildirim -->
31    <uses-permission android:name="android.permission.POST_NOTIFICATIONS" />
31-->src/main/AndroidManifest.xml:24:5-77
31-->src/main/AndroidManifest.xml:24:22-74
32
33    <permission
33-->[androidx.core:core:1.12.0] AndroidManifest.xml:22:5-24:47
34        android:name="com.kaptan.x1xx.DYNAMIC_RECEIVER_NOT_EXPORTED_PERMISSION"
34-->[androidx.core:core:1.12.0] AndroidManifest.xml:23:9-81
35        android:protectionLevel="signature" />
35-->[androidx.core:core:1.12.0] AndroidManifest.xml:24:9-44
36
37    <uses-permission android:name="com.kaptan.x1xx.DYNAMIC_RECEIVER_NOT_EXPORTED_PERMISSION" />
37-->[androidx.core:core:1.12.0] AndroidManifest.xml:26:5-97
37-->[androidx.core:core:1.12.0] AndroidManifest.xml:26:22-94
38
39    <application
39-->src/main/AndroidManifest.xml:26:5-68:19
40        android:allowBackup="true"
40-->src/main/AndroidManifest.xml:27:9-35
41        android:appComponentFactory="androidx.core.app.CoreComponentFactory"
41-->[androidx.core:core:1.12.0] AndroidManifest.xml:28:18-86
42        android:debuggable="true"
43        android:extractNativeLibs="false"
44        android:icon="@mipmap/ic_launcher"
44-->src/main/AndroidManifest.xml:28:9-43
45        android:label="1XX1"
45-->src/main/AndroidManifest.xml:29:9-29
46        android:roundIcon="@mipmap/ic_launcher"
46-->src/main/AndroidManifest.xml:30:9-48
47        android:supportsRtl="true"
47-->src/main/AndroidManifest.xml:31:9-35
48        android:theme="@style/Theme.X1XX" >
48-->src/main/AndroidManifest.xml:32:9-42
49
50        <!-- 1XX1 Browser -->
51        <activity
51-->src/main/AndroidManifest.xml:35:9-38:76
52            android:name="com.kaptan.x1xx.browser.X1XXBrowserActivity"
52-->src/main/AndroidManifest.xml:36:13-56
53            android:configChanges="orientation|screenSize|keyboardHidden"
53-->src/main/AndroidManifest.xml:38:13-74
54            android:exported="false" />
54-->src/main/AndroidManifest.xml:37:13-37
55
56        <!-- Ana ekran -->
57        <activity
57-->src/main/AndroidManifest.xml:41:9-49:20
58            android:name="com.kaptan.x1xx.ui.MainActivity"
58-->src/main/AndroidManifest.xml:42:13-44
59            android:exported="true"
59-->src/main/AndroidManifest.xml:43:13-36
60            android:windowSoftInputMode="adjustResize" >
60-->src/main/AndroidManifest.xml:44:13-55
61            <intent-filter>
61-->src/main/AndroidManifest.xml:45:13-48:29
62                <action android:name="android.intent.action.MAIN" />
62-->src/main/AndroidManifest.xml:46:17-69
62-->src/main/AndroidManifest.xml:46:25-66
63
64                <category android:name="android.intent.category.LAUNCHER" />
64-->src/main/AndroidManifest.xml:47:17-77
64-->src/main/AndroidManifest.xml:47:27-74
65            </intent-filter>
66        </activity>
67
68        <!-- Foreground Service — Node.js runtime -->
69        <service
69-->src/main/AndroidManifest.xml:52:9-56:56
70            android:name="com.kaptan.x1xx.service.NodeForegroundService"
70-->src/main/AndroidManifest.xml:53:13-58
71            android:enabled="true"
71-->src/main/AndroidManifest.xml:54:13-35
72            android:exported="false"
72-->src/main/AndroidManifest.xml:55:13-37
73            android:foregroundServiceType="dataSync" />
73-->src/main/AndroidManifest.xml:56:13-53
74
75        <!-- Boot receiver — otomatik baslatma -->
76        <receiver
76-->src/main/AndroidManifest.xml:59:9-66:20
77            android:name="com.kaptan.x1xx.service.BootReceiver"
77-->src/main/AndroidManifest.xml:60:13-49
78            android:enabled="true"
78-->src/main/AndroidManifest.xml:61:13-35
79            android:exported="true" >
79-->src/main/AndroidManifest.xml:62:13-36
80            <intent-filter>
80-->src/main/AndroidManifest.xml:63:13-65:29
81                <action android:name="android.intent.action.BOOT_COMPLETED" />
81-->src/main/AndroidManifest.xml:64:17-79
81-->src/main/AndroidManifest.xml:64:25-76
82            </intent-filter>
83        </receiver>
84
85        <provider
85-->[androidx.emoji2:emoji2:1.2.0] AndroidManifest.xml:24:9-32:20
86            android:name="androidx.startup.InitializationProvider"
86-->[androidx.emoji2:emoji2:1.2.0] AndroidManifest.xml:25:13-67
87            android:authorities="com.kaptan.x1xx.androidx-startup"
87-->[androidx.emoji2:emoji2:1.2.0] AndroidManifest.xml:26:13-68
88            android:exported="false" >
88-->[androidx.emoji2:emoji2:1.2.0] AndroidManifest.xml:27:13-37
89            <meta-data
89-->[androidx.emoji2:emoji2:1.2.0] AndroidManifest.xml:29:13-31:52
90                android:name="androidx.emoji2.text.EmojiCompatInitializer"
90-->[androidx.emoji2:emoji2:1.2.0] AndroidManifest.xml:30:17-75
91                android:value="androidx.startup" />
91-->[androidx.emoji2:emoji2:1.2.0] AndroidManifest.xml:31:17-49
92            <meta-data
92-->[androidx.lifecycle:lifecycle-process:2.7.0] AndroidManifest.xml:29:13-31:52
93                android:name="androidx.lifecycle.ProcessLifecycleInitializer"
93-->[androidx.lifecycle:lifecycle-process:2.7.0] AndroidManifest.xml:30:17-78
94                android:value="androidx.startup" />
94-->[androidx.lifecycle:lifecycle-process:2.7.0] AndroidManifest.xml:31:17-49
95            <meta-data
95-->[androidx.profileinstaller:profileinstaller:1.3.0] AndroidManifest.xml:29:13-31:52
96                android:name="androidx.profileinstaller.ProfileInstallerInitializer"
96-->[androidx.profileinstaller:profileinstaller:1.3.0] AndroidManifest.xml:30:17-85
97                android:value="androidx.startup" />
97-->[androidx.profileinstaller:profileinstaller:1.3.0] AndroidManifest.xml:31:17-49
98        </provider>
99
100        <receiver
100-->[androidx.profileinstaller:profileinstaller:1.3.0] AndroidManifest.xml:34:9-52:20
101            android:name="androidx.profileinstaller.ProfileInstallReceiver"
101-->[androidx.profileinstaller:profileinstaller:1.3.0] AndroidManifest.xml:35:13-76
102            android:directBootAware="false"
102-->[androidx.profileinstaller:profileinstaller:1.3.0] AndroidManifest.xml:36:13-44
103            android:enabled="true"
103-->[androidx.profileinstaller:profileinstaller:1.3.0] AndroidManifest.xml:37:13-35
104            android:exported="true"
104-->[androidx.profileinstaller:profileinstaller:1.3.0] AndroidManifest.xml:38:13-36
105            android:permission="android.permission.DUMP" >
105-->[androidx.profileinstaller:profileinstaller:1.3.0] AndroidManifest.xml:39:13-57
106            <intent-filter>
106-->[androidx.profileinstaller:profileinstaller:1.3.0] AndroidManifest.xml:40:13-42:29
107                <action android:name="androidx.profileinstaller.action.INSTALL_PROFILE" />
107-->[androidx.profileinstaller:profileinstaller:1.3.0] AndroidManifest.xml:41:17-91
107-->[androidx.profileinstaller:profileinstaller:1.3.0] AndroidManifest.xml:41:25-88
108            </intent-filter>
109            <intent-filter>
109-->[androidx.profileinstaller:profileinstaller:1.3.0] AndroidManifest.xml:43:13-45:29
110                <action android:name="androidx.profileinstaller.action.SKIP_FILE" />
110-->[androidx.profileinstaller:profileinstaller:1.3.0] AndroidManifest.xml:44:17-85
110-->[androidx.profileinstaller:profileinstaller:1.3.0] AndroidManifest.xml:44:25-82
111            </intent-filter>
112            <intent-filter>
112-->[androidx.profileinstaller:profileinstaller:1.3.0] AndroidManifest.xml:46:13-48:29
113                <action android:name="androidx.profileinstaller.action.SAVE_PROFILE" />
113-->[androidx.profileinstaller:profileinstaller:1.3.0] AndroidManifest.xml:47:17-88
113-->[androidx.profileinstaller:profileinstaller:1.3.0] AndroidManifest.xml:47:25-85
114            </intent-filter>
115            <intent-filter>
115-->[androidx.profileinstaller:profileinstaller:1.3.0] AndroidManifest.xml:49:13-51:29
116                <action android:name="androidx.profileinstaller.action.BENCHMARK_OPERATION" />
116-->[androidx.profileinstaller:profileinstaller:1.3.0] AndroidManifest.xml:50:17-95
116-->[androidx.profileinstaller:profileinstaller:1.3.0] AndroidManifest.xml:50:25-92
117            </intent-filter>
118        </receiver>
119    </application>
120
121</manifest>